<html>
<head>
<title>TestNG:  PostingToFacebook</title>
<link href="../testng.css" rel="stylesheet" type="text/css" />
<link href="../my-testng.css" rel="stylesheet" type="text/css" />

<style type="text/css">
.log { display: none;} 
.stack-trace { display: none;} 
</style>
<script type="text/javascript">
<!--
function flip(e) {
  current = e.style.display;
  if (current == 'block') {
    e.style.display = 'none';
    return 0;
  }
  else {
    e.style.display = 'block';
    return 1;
  }
}

function toggleBox(szDivId, elem, msg1, msg2)
{
  var res = -1;  if (document.getElementById) {
    res = flip(document.getElementById(szDivId));
  }
  else if (document.all) {
    // this is the way old msie versions work
    res = flip(document.all[szDivId]);
  }
  if(elem) {
    if(res == 0) elem.innerHTML = msg1; else elem.innerHTML = msg2;
  }

}

function toggleAllBoxes() {
  if (document.getElementsByTagName) {
    d = document.getElementsByTagName('div');
    for (i = 0; i < d.length; i++) {
      if (d[i].className == 'log') {
        flip(d[i]);
      }
    }
  }
}

// -->
</script>

</head>
<body>
<h2 align='center'>PostingToFacebook</h2><table border='1' align="center">
<tr>
<td>Tests passed/Failed/Skipped:</td><td>0/1/5</td>
</tr><tr>
<td>Started on:</td><td>Thu May 25 15:39:08 IST 2017</td>
</tr>
<tr><td>Total time:</td><td>21 seconds (21415 ms)</td>
</tr><tr>
<td>Included groups:</td><td></td>
</tr><tr>
<td>Excluded groups:</td><td></td>
</tr>
</table><p/>
<small><i>(Hover the method name to see the test class name)</i></small><p/>
<table width='100%' border='1' class='invocation-failed'>
<tr><td colspan='4' align='center'><b>FAILED CONFIGURATIONS</b></td></tr>
<tr><td><b>Test method</b></td>
<td width="30%"><b>Exception</b></td>
<td width="10%"><b>Time (seconds)</b></td>
<td><b>Instance</b></td>
</tr>
<tr>
<td title='tcAutoPost.TCAutoFanPost.LaunchBrowser()'><b>LaunchBrowser</b><br>Test class: tcAutoPost.TCAutoFanPost</td>
<td><div><pre>org.openqa.selenium.WebDriverException: Failed to decode response from marionette
Build info: version: &apos;3.4.0&apos;, revision: &apos;unknown&apos;, time: &apos;unknown&apos;
System info: host: &apos;nagarjunaMBP.local&apos;, ip: &apos;fe80:0:0:0:1091:7b48:cb5a:156b%en0&apos;, os.name: &apos;Mac OS X&apos;, os.arch: &apos;x86_64&apos;, os.version: &apos;10.12.4&apos;, java.version: &apos;1.8.0_60&apos;
Driver info: org.openqa.selenium.firefox.FirefoxDriver
Capabilities [{moz:profile=/var/folders/g4/dylg4g7s7wbdtg_f6mtzj8m00000gn/T/rust_mozprofile.JeYnizeXgRBb, rotatable=false, timeouts={implicit=0.0, pageLoad=300000.0, script=30000.0}, pageLoadStrategy=normal, platform=ANY, specificationLevel=0.0, moz:accessibilityChecks=false, acceptInsecureCerts=false, browserVersion=53.0.3, platformVersion=16.5.0, moz:processID=74134.0, browserName=firefox, javascriptEnabled=true, platformName=darwin}]
Session ID: abec7c5f-066c-bc48-9346-e39e6bba2912
	at org.openqa.selenium.remote.http.W3CHttpResponseCodec.createException(W3CHttpResponseCodec.java:150)
	at org.openqa.selenium.remote.http.W3CHttpResponseCodec.decode(W3CHttpResponseCodec.java:115)
	at org.openqa.selenium.remote.http.W3CHttpResponseCodec.decode(W3CHttpResponseCodec.java:45)
	at org.openqa.selenium.remote.HttpCommandExecutor.execute(HttpCommandExecutor.java:164)
	at org.openqa.selenium.remote.service.DriverCommandExecutor.execute(DriverCommandExecutor.java:82)
	at org.openqa.selenium.remote.RemoteWebDriver.execute(RemoteWebDriver.java:637)
	at org.openqa.selenium.remote.RemoteWebDriver.get(RemoteWebDriver.java:364)
	at baseHelper.BrowserLauncher.LaunchBrowser(BrowserLauncher.java:119)
... Removed 33 stack frames</pre></div><a href='#' onClick='toggleBox("stack-trace93740343", this, "Click to show all stack frames", "Click to hide stack frames")'>Click to show all stack frames</a>
<div class='stack-trace' id='stack-trace93740343'><pre>org.openqa.selenium.WebDriverException: Failed to decode response from marionette
Build info: version: &apos;3.4.0&apos;, revision: &apos;unknown&apos;, time: &apos;unknown&apos;
System info: host: &apos;nagarjunaMBP.local&apos;, ip: &apos;fe80:0:0:0:1091:7b48:cb5a:156b%en0&apos;, os.name: &apos;Mac OS X&apos;, os.arch: &apos;x86_64&apos;, os.version: &apos;10.12.4&apos;, java.version: &apos;1.8.0_60&apos;
Driver info: org.openqa.selenium.firefox.FirefoxDriver
Capabilities [{moz:profile=/var/folders/g4/dylg4g7s7wbdtg_f6mtzj8m00000gn/T/rust_mozprofile.JeYnizeXgRBb, rotatable=false, timeouts={implicit=0.0, pageLoad=300000.0, script=30000.0}, pageLoadStrategy=normal, platform=ANY, specificationLevel=0.0, moz:accessibilityChecks=false, acceptInsecureCerts=false, browserVersion=53.0.3, platformVersion=16.5.0, moz:processID=74134.0, browserName=firefox, javascriptEnabled=true, platformName=darwin}]
Session ID: abec7c5f-066c-bc48-9346-e39e6bba2912
	at sun.reflect.NativeConstructorAccessorImpl.newInstance0(Native Method)
	at sun.reflect.NativeConstructorAccessorImpl.newInstance(NativeConstructorAccessorImpl.java:62)
	at sun.reflect.DelegatingConstructorAccessorImpl.newInstance(DelegatingConstructorAccessorImpl.java:45)
	at java.lang.reflect.Constructor.newInstance(Constructor.java:422)
	at org.openqa.selenium.remote.http.W3CHttpResponseCodec.createException(W3CHttpResponseCodec.java:150)
	at org.openqa.selenium.remote.http.W3CHttpResponseCodec.decode(W3CHttpResponseCodec.java:115)
	at org.openqa.selenium.remote.http.W3CHttpResponseCodec.decode(W3CHttpResponseCodec.java:45)
	at org.openqa.selenium.remote.HttpCommandExecutor.execute(HttpCommandExecutor.java:164)
	at org.openqa.selenium.remote.service.DriverCommandExecutor.execute(DriverCommandExecutor.java:82)
	at org.openqa.selenium.remote.RemoteWebDriver.execute(RemoteWebDriver.java:637)
	at org.openqa.selenium.remote.RemoteWebDriver.get(RemoteWebDriver.java:364)
	at baseHelper.BrowserLauncher.LaunchBrowser(BrowserLauncher.java:119)
	at sun.reflect.NativeMethodAccessorImpl.invoke0(Native Method)
	at sun.reflect.NativeMethodAccessorImpl.invoke(NativeMethodAccessorImpl.java:62)
	at sun.reflect.DelegatingMethodAccessorImpl.invoke(DelegatingMethodAccessorImpl.java:43)
	at java.lang.reflect.Method.invoke(Method.java:497)
	at org.testng.internal.MethodInvocationHelper.invokeMethod(MethodInvocationHelper.java:86)
	at org.testng.internal.Invoker.invokeConfigurationMethod(Invoker.java:514)
	at org.testng.internal.Invoker.invokeConfigurations(Invoker.java:215)
	at org.testng.internal.Invoker.invokeMethod(Invoker.java:589)
	at org.testng.internal.Invoker.invokeTestMethod(Invoker.java:820)
	at org.testng.internal.Invoker.invokeTestMethods(Invoker.java:1128)
	at org.testng.internal.TestMethodWorker.invokeTestMethods(TestMethodWorker.java:129)
	at org.testng.internal.TestMethodWorker.run(TestMethodWorker.java:112)
	at org.testng.TestRunner.privateRun(TestRunner.java:782)
	at org.testng.TestRunner.run(TestRunner.java:632)
	at org.testng.SuiteRunner.runTest(SuiteRunner.java:366)
	at org.testng.SuiteRunner.runSequentially(SuiteRunner.java:361)
	at org.testng.SuiteRunner.privateRun(SuiteRunner.java:319)
	at org.testng.SuiteRunner.run(SuiteRunner.java:268)
	at org.testng.SuiteRunnerWorker.runSuite(SuiteRunnerWorker.java:52)
	at org.testng.SuiteRunnerWorker.run(SuiteRunnerWorker.java:86)
	at org.testng.TestNG.runSuitesSequentially(TestNG.java:1244)
	at org.testng.TestNG.runSuitesLocally(TestNG.java:1169)
	at org.testng.TestNG.run(TestNG.java:1064)
	at org.apache.maven.surefire.testng.TestNGExecutor.run(TestNGExecutor.java:281)
	at org.apache.maven.surefire.testng.TestNGXmlTestSuite.execute(TestNGXmlTestSuite.java:75)
	at org.apache.maven.surefire.testng.TestNGProvider.invoke(TestNGProvider.java:121)
	at org.apache.maven.surefire.booter.ForkedBooter.invokeProviderInSameClassLoader(ForkedBooter.java:290)
	at org.apache.maven.surefire.booter.ForkedBooter.runSuitesInProcess(ForkedBooter.java:242)
	at org.apache.maven.surefire.booter.ForkedBooter.main(ForkedBooter.java:121)
</pre></div></td>
<td>0</td>
<td>tcAutoPost.TCAutoFanPost@754ba872</td></tr>
</table><p>
<table width='100%' border='1' class='invocation-skipped'>
<tr><td colspan='4' align='center'><b>SKIPPED CONFIGURATIONS</b></td></tr>
<tr><td><b>Test method</b></td>
<td width="30%"><b>Exception</b></td>
<td width="10%"><b>Time (seconds)</b></td>
<td><b>Instance</b></td>
</tr>
<tr>
<td title='tcAutoPost.TCAutoFanPost.LaunchBrowser()'><b>LaunchBrowser</b><br>Test class: tcAutoPost.TCAutoFanPost</td>
<td></td>
<td>0</td>
<td>tcAutoPost.TCAutoFanPost@754ba872</td></tr>
<tr>
<td title='tcAutoPost.TCAutoFanPost.LaunchBrowser()'><b>LaunchBrowser</b><br>Test class: tcAutoPost.TCAutoFanPost</td>
<td></td>
<td>0</td>
<td>tcAutoPost.TCAutoFanPost@754ba872</td></tr>
<tr>
<td title='tcAutoPost.TCAutoFanPost.LaunchBrowser()'><b>LaunchBrowser</b><br>Test class: tcAutoPost.TCAutoFanPost</td>
<td></td>
<td>0</td>
<td>tcAutoPost.TCAutoFanPost@754ba872</td></tr>
<tr>
<td title='tcAutoPost.TCAutoFanPost.LaunchBrowser()'><b>LaunchBrowser</b><br>Test class: tcAutoPost.TCAutoFanPost</td>
<td></td>
<td>0</td>
<td>tcAutoPost.TCAutoFanPost@754ba872</td></tr>
<tr>
<td title='tcAutoPost.TCAutoFanPost.QuitBrowser()'><b>QuitBrowser</b><br>Test class: tcAutoPost.TCAutoFanPost</td>
<td></td>
<td>0</td>
<td>tcAutoPost.TCAutoFanPost@754ba872</td></tr>
<tr>
<td title='tcAutoPost.TCAutoFanPost.QuitBrowser()'><b>QuitBrowser</b><br>Test class: tcAutoPost.TCAutoFanPost</td>
<td></td>
<td>0</td>
<td>tcAutoPost.TCAutoFanPost@754ba872</td></tr>
<tr>
<td title='tcAutoPost.TCAutoFanPost.QuitBrowser()'><b>QuitBrowser</b><br>Test class: tcAutoPost.TCAutoFanPost</td>
<td></td>
<td>0</td>
<td>tcAutoPost.TCAutoFanPost@754ba872</td></tr>
<tr>
<td title='tcAutoPost.TCAutoFanPost.QuitBrowser()'><b>QuitBrowser</b><br>Test class: tcAutoPost.TCAutoFanPost</td>
<td></td>
<td>0</td>
<td>tcAutoPost.TCAutoFanPost@754ba872</td></tr>
<tr>
<td title='tcAutoPost.TCAutoFanPost.QuitBrowser()'><b>QuitBrowser</b><br>Test class: tcAutoPost.TCAutoFanPost</td>
<td></td>
<td>0</td>
<td>tcAutoPost.TCAutoFanPost@754ba872</td></tr>
</table><p>
<table width='100%' border='1' class='invocation-failed'>
<tr><td colspan='4' align='center'><b>FAILED TESTS</b></td></tr>
<tr><td><b>Test method</b></td>
<td width="30%"><b>Exception</b></td>
<td width="10%"><b>Time (seconds)</b></td>
<td><b>Instance</b></td>
</tr>
<tr>
<td title='tcAutoPost.TCAutoFanPost.verifyPostinFirstPostToFastCarTest()'><b>verifyPostinFirstPostToFastCarTest</b><br>Test class: tcAutoPost.TCAutoFanPost</td>
<td><div><pre>org.openqa.selenium.WebDriverException: Failed to decode response from marionette
Build info: version: &apos;3.4.0&apos;, revision: &apos;unknown&apos;, time: &apos;unknown&apos;
System info: host: &apos;nagarjunaMBP.local&apos;, ip: &apos;fe80:0:0:0:1091:7b48:cb5a:156b%en0&apos;, os.name: &apos;Mac OS X&apos;, os.arch: &apos;x86_64&apos;, os.version: &apos;10.12.4&apos;, java.version: &apos;1.8.0_60&apos;
Driver info: org.openqa.selenium.firefox.FirefoxDriver
Capabilities [{moz:profile=/var/folders/g4/dylg4g7s7wbdtg_f6mtzj8m00000gn/T/rust_mozprofile.R06tVUuqOAiw, rotatable=false, timeouts={implicit=0.0, pageLoad=300000.0, script=30000.0}, pageLoadStrategy=normal, platform=ANY, specificationLevel=0.0, moz:accessibilityChecks=false, acceptInsecureCerts=false, browserVersion=53.0.3, platformVersion=16.5.0, moz:processID=74125.0, browserName=firefox, javascriptEnabled=true, platformName=darwin}]
Session ID: b82fc64c-3bcf-604a-bf6b-32a1b630b466
	at org.openqa.selenium.remote.http.W3CHttpResponseCodec.createException(W3CHttpResponseCodec.java:150)
	at org.openqa.selenium.remote.http.W3CHttpResponseCodec.decode(W3CHttpResponseCodec.java:115)
	at org.openqa.selenium.remote.http.W3CHttpResponseCodec.decode(W3CHttpResponseCodec.java:45)
	at org.openqa.selenium.remote.HttpCommandExecutor.execute(HttpCommandExecutor.java:164)
	at org.openqa.selenium.remote.service.DriverCommandExecutor.execute(DriverCommandExecutor.java:82)
	at org.openqa.selenium.remote.RemoteWebDriver.execute(RemoteWebDriver.java:637)
	at org.openqa.selenium.remote.RemoteWebDriver.get(RemoteWebDriver.java:364)
	at tcAutoPost.TCAutoFanPost.verifyPostinFirstPostToFastCarTest(TCAutoFanPost.java:94)
... Removed 31 stack frames</pre></div><a href='#' onClick='toggleBox("stack-trace685558284", this, "Click to show all stack frames", "Click to hide stack frames")'>Click to show all stack frames</a>
<div class='stack-trace' id='stack-trace685558284'><pre>org.openqa.selenium.WebDriverException: Failed to decode response from marionette
Build info: version: &apos;3.4.0&apos;, revision: &apos;unknown&apos;, time: &apos;unknown&apos;
System info: host: &apos;nagarjunaMBP.local&apos;, ip: &apos;fe80:0:0:0:1091:7b48:cb5a:156b%en0&apos;, os.name: &apos;Mac OS X&apos;, os.arch: &apos;x86_64&apos;, os.version: &apos;10.12.4&apos;, java.version: &apos;1.8.0_60&apos;
Driver info: org.openqa.selenium.firefox.FirefoxDriver
Capabilities [{moz:profile=/var/folders/g4/dylg4g7s7wbdtg_f6mtzj8m00000gn/T/rust_mozprofile.R06tVUuqOAiw, rotatable=false, timeouts={implicit=0.0, pageLoad=300000.0, script=30000.0}, pageLoadStrategy=normal, platform=ANY, specificationLevel=0.0, moz:accessibilityChecks=false, acceptInsecureCerts=false, browserVersion=53.0.3, platformVersion=16.5.0, moz:processID=74125.0, browserName=firefox, javascriptEnabled=true, platformName=darwin}]
Session ID: b82fc64c-3bcf-604a-bf6b-32a1b630b466
	at sun.reflect.NativeConstructorAccessorImpl.newInstance0(Native Method)
	at sun.reflect.NativeConstructorAccessorImpl.newInstance(NativeConstructorAccessorImpl.java:62)
	at sun.reflect.DelegatingConstructorAccessorImpl.newInstance(DelegatingConstructorAccessorImpl.java:45)
	at java.lang.reflect.Constructor.newInstance(Constructor.java:422)
	at org.openqa.selenium.remote.http.W3CHttpResponseCodec.createException(W3CHttpResponseCodec.java:150)
	at org.openqa.selenium.remote.http.W3CHttpResponseCodec.decode(W3CHttpResponseCodec.java:115)
	at org.openqa.selenium.remote.http.W3CHttpResponseCodec.decode(W3CHttpResponseCodec.java:45)
	at org.openqa.selenium.remote.HttpCommandExecutor.execute(HttpCommandExecutor.java:164)
	at org.openqa.selenium.remote.service.DriverCommandExecutor.execute(DriverCommandExecutor.java:82)
	at org.openqa.selenium.remote.RemoteWebDriver.execute(RemoteWebDriver.java:637)
	at org.openqa.selenium.remote.RemoteWebDriver.get(RemoteWebDriver.java:364)
	at tcAutoPost.TCAutoFanPost.verifyPostinFirstPostToFastCarTest(TCAutoFanPost.java:94)
	at sun.reflect.NativeMethodAccessorImpl.invoke0(Native Method)
	at sun.reflect.NativeMethodAccessorImpl.invoke(NativeMethodAccessorImpl.java:62)
	at sun.reflect.DelegatingMethodAccessorImpl.invoke(DelegatingMethodAccessorImpl.java:43)
	at java.lang.reflect.Method.invoke(Method.java:497)
	at org.testng.internal.MethodInvocationHelper.invokeMethod(MethodInvocationHelper.java:86)
	at org.testng.internal.Invoker.invokeMethod(Invoker.java:643)
	at org.testng.internal.Invoker.invokeTestMethod(Invoker.java:820)
	at org.testng.internal.Invoker.invokeTestMethods(Invoker.java:1128)
	at org.testng.internal.TestMethodWorker.invokeTestMethods(TestMethodWorker.java:129)
	at org.testng.internal.TestMethodWorker.run(TestMethodWorker.java:112)
	at org.testng.TestRunner.privateRun(TestRunner.java:782)
	at org.testng.TestRunner.run(TestRunner.java:632)
	at org.testng.SuiteRunner.runTest(SuiteRunner.java:366)
	at org.testng.SuiteRunner.runSequentially(SuiteRunner.java:361)
	at org.testng.SuiteRunner.privateRun(SuiteRunner.java:319)
	at org.testng.SuiteRunner.run(SuiteRunner.java:268)
	at org.testng.SuiteRunnerWorker.runSuite(SuiteRunnerWorker.java:52)
	at org.testng.SuiteRunnerWorker.run(SuiteRunnerWorker.java:86)
	at org.testng.TestNG.runSuitesSequentially(TestNG.java:1244)
	at org.testng.TestNG.runSuitesLocally(TestNG.java:1169)
	at org.testng.TestNG.run(TestNG.java:1064)
	at org.apache.maven.surefire.testng.TestNGExecutor.run(TestNGExecutor.java:281)
	at org.apache.maven.surefire.testng.TestNGXmlTestSuite.execute(TestNGXmlTestSuite.java:75)
	at org.apache.maven.surefire.testng.TestNGProvider.invoke(TestNGProvider.java:121)
	at org.apache.maven.surefire.booter.ForkedBooter.invokeProviderInSameClassLoader(ForkedBooter.java:290)
	at org.apache.maven.surefire.booter.ForkedBooter.runSuitesInProcess(ForkedBooter.java:242)
	at org.apache.maven.surefire.booter.ForkedBooter.main(ForkedBooter.java:121)
</pre></div></td>
<td>9</td>
<td>tcAutoPost.TCAutoFanPost@754ba872</td></tr>
</table><p>
<table width='100%' border='1' class='invocation-skipped'>
<tr><td colspan='4' align='center'><b>SKIPPED TESTS</b></td></tr>
<tr><td><b>Test method</b></td>
<td width="30%"><b>Exception</b></td>
<td width="10%"><b>Time (seconds)</b></td>
<td><b>Instance</b></td>
</tr>
<tr>
<td title='tcAutoPost.TCAutoFanPost.verifyPostinFirstPostToGetStarted()'><b>verifyPostinFirstPostToGetStarted</b><br>Test class: tcAutoPost.TCAutoFanPost</td>
<td></td>
<td>0</td>
<td>tcAutoPost.TCAutoFanPost@754ba872</td></tr>
<tr>
<td title='tcAutoPost.TCAutoFanPost.verifyPostinFirstPostToRHTestPage()'><b>verifyPostinFirstPostToRHTestPage</b><br>Test class: tcAutoPost.TCAutoFanPost</td>
<td></td>
<td>0</td>
<td>tcAutoPost.TCAutoFanPost@754ba872</td></tr>
<tr>
<td title='tcAutoPost.TCAutoFanPost.verifyPostinSecondPostToFastCarTest()'><b>verifyPostinSecondPostToFastCarTest</b><br>Test class: tcAutoPost.TCAutoFanPost</td>
<td></td>
<td>0</td>
<td>tcAutoPost.TCAutoFanPost@754ba872</td></tr>
<tr>
<td title='tcAutoPost.TCAutoFanPost.verifyPostinSecondPostToGetStarted()'><b>verifyPostinSecondPostToGetStarted</b><br>Test class: tcAutoPost.TCAutoFanPost</td>
<td></td>
<td>0</td>
<td>tcAutoPost.TCAutoFanPost@754ba872</td></tr>
<tr>
<td title='tcAutoPost.TCAutoFanPost.verifyPostinSecondPostToRHTestPage()'><b>verifyPostinSecondPostToRHTestPage</b><br>Test class: tcAutoPost.TCAutoFanPost</td>
<td></td>
<td>0</td>
<td>tcAutoPost.TCAutoFanPost@754ba872</td></tr>
</table><p>
</body>
</html>